
> api@1.0.0 start
> nodemon server.js

[33m[nodemon] 2.0.12[39m
[33m[nodemon] to restart at any time, enter `rs`[39m
[33m[nodemon] watching path(s): *.*[39m
[33m[nodemon] watching extensions: js,mjs,json[39m
[32m[nodemon] starting `node server.js`[39m
Servidor iniciado com sucesso.
Erro na Conexão
MongooseServerSelectionError: getaddrinfo ENOTFOUND service-mongo-external-name
    at NativeConnection.Connection.openUri (/app/node_modules/mongoose/lib/connection.js:846:32)
    at /app/node_modules/mongoose/lib/index.js:351:10
    at promiseOrCallback (/app/node_modules/mongoose/lib/helpers/promiseOrCallback.js:10:12)
    at Mongoose._promiseOrCallback (/app/node_modules/mongoose/lib/index.js:1149:10)
    at Mongoose.connect (/app/node_modules/mongoose/lib/index.js:350:20)
    at Object.<anonymous> (/app/server.js:13:10)
    at Module._compile (node:internal/modules/cjs/loader:1101:14)
    at Object.Module._extensions..js (node:internal/modules/cjs/loader:1153:10)
    at Module.load (node:internal/modules/cjs/loader:981:32)
    at Function.Module._load (node:internal/modules/cjs/loader:822:12)
    at Function.executeUserEntryPoint [as runMain] (node:internal/modules/run_main:79:12)
    at node:internal/main/run_main_module:17:47 {
  reason: TopologyDescription {
    type: 'Single',
    setName: null,
    maxSetVersion: null,
    maxElectionId: null,
    servers: Map(1) {
      'service-mongo-external-name:27017' => [ServerDescription]
    },
    stale: false,
    compatible: true,
    compatibilityError: null,
    logicalSessionTimeoutMinutes: null,
    heartbeatFrequencyMS: 10000,
    localThresholdMS: 15,
    commonWireVersion: null
  }
}
/app/node_modules/mongoose/lib/drivers/node-mongodb-native/collection.js:197
          const err = new MongooseError(message);
                      ^

MongooseError: Operation `usuarios.find()` buffering timed out after 10000ms
    at Timeout.<anonymous> (/app/node_modules/mongoose/lib/drivers/node-mongodb-native/collection.js:197:23)
    at listOnTimeout (node:internal/timers:557:17)
    at processTimers (node:internal/timers:500:7)
[31m[nodemon] app crashed - waiting for file changes before starting...[39m
